\BOOKMARK [0][-]{dedication.0}{Dedicat\363ria}{}% 1
\BOOKMARK [0][-]{acknowledgements.0}{Agradecimentos}{}% 2
\BOOKMARK [0][-]{resumo.0}{Resumo}{}% 3
\BOOKMARK [0][-]{abstract.0}{Abstract}{}% 4
\BOOKMARK [0][-]{chapter.1}{Introdu\347\343o}{}% 5
\BOOKMARK [1][-]{section.1.1}{Objetivos}{chapter.1}% 6
\BOOKMARK [2][-]{subsection.1.1.1}{Objetivo Geral}{section.1.1}% 7
\BOOKMARK [2][-]{subsection.1.1.2}{Objetivos Espec\355ficos}{section.1.1}% 8
\BOOKMARK [1][-]{section.1.2}{Organiza\347\343o do Texto}{chapter.1}% 9
\BOOKMARK [0][-]{chapter.2}{Design Patterns}{}% 10
\BOOKMARK [1][-]{subsection.2.0.1}{Criacional}{chapter.2}% 11
\BOOKMARK [2][-]{subsection.2.0.2}{Estrutural}{subsection.2.0.1}% 12
\BOOKMARK [2][-]{subsection.2.0.3}{Comportamental}{subsection.2.0.1}% 13
\BOOKMARK [0][-]{chapter.3}{Plataformas Q\046A}{}% 14
\BOOKMARK [1][-]{section.3.1}{Breve Hist\363rico}{chapter.3}% 15
\BOOKMARK [1][-]{section.3.2}{Estrat\351gias e caracter\355sticas}{chapter.3}% 16
\BOOKMARK [1][-]{section.3.3}{StackExchange}{chapter.3}% 17
\BOOKMARK [2][-]{subsection.3.3.1}{StackOverflow}{section.3.3}% 18
\BOOKMARK [2][-]{subsection.3.3.2}{API}{section.3.3}% 19
\BOOKMARK [0][-]{chapter.4}{e-Design Patterns}{}% 20
\BOOKMARK [1][-]{section.4.1}{ Motiva\347\343o}{chapter.4}% 21
\BOOKMARK [1][-]{section.4.2}{Descri\347\343o do Aplicativo}{chapter.4}% 22
\BOOKMARK [2][-]{subsection.4.2.1}{Core Features}{section.4.2}% 23
\BOOKMARK [2][-]{subsection.4.2.2}{Features desej\341veis}{section.4.2}% 24
\BOOKMARK [1][-]{section.4.3}{Processo de Software}{chapter.4}% 25
\BOOKMARK [2][-]{subsection.4.3.1}{Modelo Evolucion\341rio}{section.4.3}% 26
\BOOKMARK [1][-]{section.4.4}{Prototipa\347\343o do e-DesignPatterns}{chapter.4}% 27
\BOOKMARK [1][-]{section.4.5}{Ferramentas Utilizadas}{chapter.4}% 28
\BOOKMARK [2][-]{subsection.4.5.1}{Slack}{section.4.5}% 29
\BOOKMARK [2][-]{subsection.4.5.2}{Git e GitHub}{section.4.5}% 30
\BOOKMARK [2][-]{subsection.4.5.3}{Figma}{section.4.5}% 31
\BOOKMARK [2][-]{subsection.4.5.4}{Marvel}{section.4.5}% 32
\BOOKMARK [1][-]{section.4.6}{Telas e suas funcionalidades}{chapter.4}% 33
\BOOKMARK [0][-]{chapter.5}{Avalia\347\343o}{}% 34
\BOOKMARK [1][-]{section.5.1}{Ficha de Avalia\347\343o de Software Educacional}{chapter.5}% 35
\BOOKMARK [0][-]{chapter.6}{Conclus\343o}{}% 36
\BOOKMARK [1][-]{subsection.6.0.1}{Trabalhos Futuros}{chapter.6}% 37
